[    0.000000] Initializing cgroup subsys cpuset
[    0.000000] Initializing cgroup subsys cpu
[    0.000000] Initializing cgroup subsys cpuacct
[    0.000000] Linux version 4.4.0-210-generic (buildd@lgw01-amd64-009) (gcc version 5.4.0 20160609 (Ubuntu 5.4.0-6ubuntu1~16.04.12) ) #242-Ubuntu SMP Fri Apr 16 09:57:56 UTC 2021 (Ubuntu 4.4.0-210.242-generic 4.4.262)
[    0.000000] Command line: BOOT_IMAGE=/boot/vmlinuz-4.4.0-210-generic root=UUID=beac4d7a-db86-4a98-900b-960dde8e7e66 ro console=tty1 console=ttyS0
[    0.000000] KERNEL supported cpus:
[    0.000000]   Intel GenuineIntel
[    0.000000]   AMD AuthenticAMD
[    0.000000]   Centaur CentaurHauls
[    0.000000] x86/fpu: xstate_offset[2]:  576, xstate_sizes[2]:  256
[    0.000000] x86/fpu: Supporting XSAVE feature 0x01: 'x87 floating point registers'
[    0.000000] x86/fpu: Supporting XSAVE feature 0x02: 'SSE registers'
[    0.000000] x86/fpu: Supporting XSAVE feature 0x04: 'AVX registers'
[    0.000000] x86/fpu: Enabled xstate features 0x7, context size is 832 bytes, using 'standard' format.
[    0.000000] e820: BIOS-provided physical RAM map:
[    0.000000] BIOS-e820: [mem 0x0000000000000000-0x000000000009fbff] usable
[    0.000000] BIOS-e820: [mem 0x000000000009fc00-0x000000000009ffff] reserved
[    0.000000] BIOS-e820: [mem 0x00000000000f0000-0x00000000000fffff] reserved
[    0.000000] BIOS-e820: [mem 0x0000000000100000-0x000000003ffeffff] usable
[    0.000000] BIOS-e820: [mem 0x000000003fff0000-0x000000003fffffff] ACPI data
[    0.000000] BIOS-e820: [mem 0x00000000fec00000-0x00000000fec00fff] reserved
[    0.000000] BIOS-e820: [mem 0x00000000fee00000-0x00000000fee00fff] reserved
[    0.000000] BIOS-e820: [mem 0x00000000fffc0000-0x00000000ffffffff] reserved
[    0.000000] NX (Execute Disable) protection: active
[    0.000000] SMBIOS 2.5 present.
[    0.000000] Hypervisor detected: KVM
[    0.000000] e820: last_pfn = 0x3fff0 max_arch_pfn = 0x400000000
[    0.000000] MTRR: Disabled
[    0.000000] x86/PAT: MTRRs disabled, skipping PAT initialization too.
[    0.000000] CPU MTRRs all blank - virtualized system.
[    0.000000] x86/PAT: Configuration [0-7]: WB  WT  UC- UC  WB  WT  UC- UC  
[    0.000000] found SMP MP-table at [mem 0x0009fff0-0x0009ffff] mapped at [ffff88000009fff0]
[    0.000000] Scanning 1 areas for low memory corruption
[    0.000000] RAMDISK: [mem 0x361c6000-0x370dafff]
[    0.000000] ACPI: Early table checksum verification disabled
[    0.000000] ACPI: RSDP 0x00000000000E0000 000024 (v02 VBOX  )
[    0.000000] ACPI: XSDT 0x000000003FFF0030 00003C (v01 VBOX   VBOXXSDT 00000001 ASL  00000061)
[    0.000000] ACPI: FACP 0x000000003FFF00F0 0000F4 (v04 VBOX   VBOXFACP 00000001 ASL  00000061)
[    0.000000] ACPI: DSDT 0x000000003FFF0470 002325 (v02 VBOX   VBOXBIOS 00000002 INTL 20120111)
[    0.000000] ACPI: FACS 0x000000003FFF0200 000040
[    0.000000] ACPI: FACS 0x000000003FFF0200 000040
[    0.000000] ACPI: APIC 0x000000003FFF0240 00005C (v02 VBOX   VBOXAPIC 00000001 ASL  00000061)
[    0.000000] ACPI: SSDT 0x000000003FFF02A0 0001CC (v01 VBOX   VBOXCPUT 00000002 INTL 20120111)
[    0.000000] No NUMA configuration found
[    0.000000] Faking a node at [mem 0x0000000000000000-0x000000003ffeffff]
[    0.000000] NODE_DATA(0) allocated [mem 0x3ffeb000-0x3ffeffff]
[    0.000000] kvm-clock: Using msrs 4b564d01 and 4b564d00
[    0.000000] kvm-clock: cpu 0, msr 0:3ffe3001, primary cpu clock
[    0.000000] kvm-clock: using sched offset of 4092225061 cycles
[    0.000000] clocksource: kvm-clock: mask: 0xffffffffffffffff max_cycles: 0x1cd42e4dffb, max_idle_ns: 881590591483 ns
[    0.000000] Zone ranges:
[    0.000000]   DMA      [mem 0x0000000000001000-0x0000000000ffffff]
[    0.000000]   DMA32    [mem 0x0000000001000000-0x000000003ffeffff]
[    0.000000]   Normal   empty
[    0.000000]   Device   empty
[    0.000000] Movable zone start for each node
[    0.000000] Early memory node ranges
[    0.000000]   node   0: [mem 0x0000000000001000-0x000000000009efff]
[    0.000000]   node   0: [mem 0x0000000000100000-0x000000003ffeffff]
[    0.000000] Initmem setup node 0 [mem 0x0000000000001000-0x000000003ffeffff]
[    0.000000] ACPI: PM-Timer IO Port: 0x4008
[    0.000000] IOAPIC[0]: apic_id 2, version 32, address 0xfec00000, GSI 0-23
[    0.000000] ACPI: INT_SRC_OVR (bus 0 bus_irq 0 global_irq 2 dfl dfl)
[    0.000000] ACPI: INT_SRC_OVR (bus 0 bus_irq 9 global_irq 9 low level)
[    0.000000] Using ACPI (MADT) for SMP configuration information
[    0.000000] smpboot: Allowing 2 CPUs, 0 hotplug CPUs
[    0.000000] PM: Registered nosave memory: [mem 0x00000000-0x00000fff]
[    0.000000] PM: Registered nosave memory: [mem 0x0009f000-0x0009ffff]
[    0.000000] PM: Registered nosave memory: [mem 0x000a0000-0x000effff]
[    0.000000] PM: Registered nosave memory: [mem 0x000f0000-0x000fffff]
[    0.000000] e820: [mem 0x40000000-0xfebfffff] available for PCI devices
[    0.000000] Booting paravirtualized kernel on KVM
[    0.000000] clocksource: refined-jiffies: mask: 0xffffffff max_cycles: 0xffffffff, max_idle_ns: 7645519600211568 ns
[    0.000000] setup_percpu: NR_CPUS:512 nr_cpumask_bits:512 nr_cpu_ids:2 nr_node_ids:1
[    0.000000] PERCPU: Embedded 33 pages/cpu @ffff88003fc00000 s95192 r8192 d31784 u1048576
[    0.000000] Built 1 zonelists in Node order, mobility grouping on.  Total pages: 257912
[    0.000000] Policy zone: DMA32
[    0.000000] Kernel command line: BOOT_IMAGE=/boot/vmlinuz-4.4.0-210-generic root=UUID=beac4d7a-db86-4a98-900b-960dde8e7e66 ro console=tty1 console=ttyS0
[    0.000000] PID hash table entries: 4096 (order: 3, 32768 bytes)
[    0.000000] Memory: 997236K/1048120K available (8644K kernel code, 1332K rwdata, 4044K rodata, 1492K init, 1164K bss, 50884K reserved, 0K cma-reserved)
[    0.000000] SLUB: HWalign=64, Order=0-3, MinObjects=0, CPUs=2, Nodes=1
[    0.000000] Kernel/User page tables isolation: enabled
[    0.000000] Hierarchical RCU implementation.
[    0.000000] 	Build-time adjustment of leaf fanout to 64.
[    0.000000] 	RCU restricting CPUs from NR_CPUS=512 to nr_cpu_ids=2.
[    0.000000] RCU: Adjusting geometry for rcu_fanout_leaf=64, nr_cpu_ids=2
[    0.000000] NR_IRQS:33024 nr_irqs:440 16
[    0.000000] Console: colour VGA+ 80x25
[    0.000000] console [tty1] enabled
[    0.000000] console [ttyS0] enabled
[    0.000000] tsc: Detected 2303.998 MHz processor
[    0.165783] Calibrating delay loop (skipped) preset value.. 4607.99 BogoMIPS (lpj=9215992)
[    0.167454] pid_max: default: 32768 minimum: 301
[    0.168383] ACPI: Core revision 20150930
[    0.170027] ACPI: 2 ACPI AML tables successfully acquired and loaded
[    0.172312] Security Framework initialized
[    0.173219] Yama: becoming mindful.
[    0.173956] AppArmor: AppArmor initialized
[    0.174918] Dentry cache hash table entries: 131072 (order: 8, 1048576 bytes)
[    0.177693] Inode-cache hash table entries: 65536 (order: 7, 524288 bytes)
[    0.179079] Mount-cache hash table entries: 2048 (order: 2, 16384 bytes)
[    0.180371] Mountpoint-cache hash table entries: 2048 (order: 2, 16384 bytes)
[    0.181787] Initializing cgroup subsys io
[    0.182604] Initializing cgroup subsys memory
[    0.183582] Initializing cgroup subsys devices
[    0.185405] Initializing cgroup subsys freezer
[    0.186293] Initializing cgroup subsys net_cls
[    0.187434] Initializing cgroup subsys perf_event
[    0.188388] Initializing cgroup subsys net_prio
[    0.189290] Initializing cgroup subsys hugetlb
[    0.190175] Initializing cgroup subsys pids
[    0.192311] mce: CPU supports 0 MCE banks
[    0.193154] Last level iTLB entries: 4KB 64, 2MB 8, 4MB 8
[    0.194193] Last level dTLB entries: 4KB 64, 2MB 0, 4MB 0, 1GB 4
[    0.195329] Spectre V1 : Mitigation: usercopy/swapgs barriers and __user pointer sanitization
[    0.197426] Spectre V2 : Mitigation: Full generic retpoline
[    0.198729] Spectre V2 : Spectre v2 / SpectreRSB mitigation: Filling RSB on context switch
[    0.200870] Speculative Store Bypass: Vulnerable
[    0.202112] SRBDS: Unknown: Dependent on hypervisor status
[    0.203429] MDS: Mitigation: Clear CPU buffers
[    0.206477] Freeing SMP alternatives memory: 36K
[    0.213084] ftrace: allocating 32380 entries in 127 pages
[    0.265551] smpboot: APIC(0) Converting physical 0 to logical package 0
[    0.266923] smpboot: Max logical packages: 1
[    0.267969] x2apic enabled
[    0.268852] Switched APIC routing to physical x2apic.
[    0.270898] ..TIMER: vector=0x30 apic1=0 pin1=2 apic2=-1 pin2=-1
[    0.380186] smpboot: CPU0: Intel(R) Core(TM) i9-9880H CPU @ 2.30GHz (family: 0x6, model: 0x9e, stepping: 0xd)
[    0.383052] Performance Events: unsupported p6 CPU model 158 no PMU driver, software events only.
[    0.398904] KVM setup paravirtual spinlock
[    0.401014] x86: Booting SMP configuration:
[    0.402191] .... node  #0, CPUs:      #1
[    0.403554] kvm-clock: cpu 1, msr 0:3ffe3041, secondary cpu clock
[    0.406367] mce: CPU supports 0 MCE banks
[    0.408985] x86: Booted up 1 node, 2 CPUs
[    0.410418] smpboot: Total of 2 processors activated (9215.99 BogoMIPS)
[    0.413005] devtmpfs: initialized
[    0.415233] evm: security.selinux
[    0.416500] evm: security.SMACK64
[    0.417681] evm: security.SMACK64EXEC
[    0.418442] evm: security.SMACK64TRANSMUTE
[    0.419381] evm: security.SMACK64MMAP
[    0.420438] evm: security.ima
[    0.421170] evm: security.capability
[    0.422339] clocksource: jiffies: mask: 0xffffffff max_cycles: 0xffffffff, max_idle_ns: 7645041785100000 ns
[    0.426307] futex hash table entries: 512 (order: 3, 32768 bytes)
[    0.427844] pinctrl core: initialized pinctrl subsystem
[    0.429004] RTC time: 21:54:15, date: 12/20/21
[    0.430031] NET: Registered protocol family 16
[    0.440832] cpuidle: using governor ladder
[    0.452334] cpuidle: using governor menu
[    0.453290] PCCT header not found.
[    0.454183] ACPI: bus type PCI registered
[    0.455169] acpiphp: ACPI Hot Plug PCI Controller Driver version: 0.5
[    0.456778] PCI: Using configuration type 1 for base access
[    0.469106] ACPI: Added _OSI(Module Device)
[    0.470077] ACPI: Added _OSI(Processor Device)
[    0.471038] ACPI: Added _OSI(3.0 _SCP Extensions)
[    0.472039] ACPI: Added _OSI(Processor Aggregator Device)
[    0.473886] ACPI: Executed 1 blocks of module-level executable AML code
[    0.478118] ACPI: Interpreter enabled
[    0.479021] ACPI: (supports S0 S5)
[    0.479811] ACPI: Using IOAPIC for interrupt routing
[    0.480994] PCI: Using host bridge windows from ACPI; if necessary, use "pci=nocrs" and report a bug
[    0.487417] ACPI: PCI Root Bridge [PCI0] (domain 0000 [bus 00-ff])
[    0.488718] acpi PNP0A03:00: _OSC: OS supports [ASPM ClockPM Segments MSI]
[    0.490459] acpi PNP0A03:00: _OSC: not requesting OS control; OS requires [ExtendedConfig ASPM ClockPM MSI]
[    0.492532] acpi PNP0A03:00: fail to add MMCONFIG information, can't access extended PCI configuration space under this bridge.
[    0.495131] PCI host bridge to bus 0000:00
[    0.495966] pci_bus 0000:00: root bus resource [io  0x0000-0x0cf7 window]
[    0.497394] pci_bus 0000:00: root bus resource [io  0x0d00-0xffff window]
[    0.498674] pci_bus 0000:00: root bus resource [mem 0x000a0000-0x000bffff window]
[    0.500313] pci_bus 0000:00: root bus resource [mem 0x40000000-0xfdffffff window]
[    0.503225] pci_bus 0000:00: root bus resource [bus 00-ff]
[    0.507272] pci 0000:00:01.1: legacy IDE quirk: reg 0x10: [io  0x01f0-0x01f7]
[    0.509337] pci 0000:00:01.1: legacy IDE quirk: reg 0x14: [io  0x03f6]
[    0.510708] pci 0000:00:01.1: legacy IDE quirk: reg 0x18: [io  0x0170-0x0177]
[    0.519365] pci 0000:00:01.1: legacy IDE quirk: reg 0x1c: [io  0x0376]
[    0.531649] pci 0000:00:07.0: quirk: [io  0x4000-0x403f] claimed by PIIX4 ACPI
[    0.533937] pci 0000:00:07.0: quirk: [io  0x4100-0x410f] claimed by PIIX4 SMB
[    0.542876] ACPI: PCI Interrupt Link [LNKA] (IRQs 5 9 10 *11)
[    0.545604] ACPI: PCI Interrupt Link [LNKB] (IRQs 5 9 *10 11)
[    0.547107] ACPI: PCI Interrupt Link [LNKC] (IRQs 5 *9 10 11)
[    0.548540] ACPI: PCI Interrupt Link [LNKD] (IRQs 5 9 10 *11)
[    0.550062] ACPI: Enabled 2 GPEs in block 00 to 07
[    0.551305] vgaarb: setting as boot device: PCI:0000:00:02.0
[    0.553064] vgaarb: device added: PCI:0000:00:02.0,decodes=io+mem,owns=io+mem,locks=none
[    0.554728] vgaarb: loaded
[    0.555342] vgaarb: bridge control possible 0000:00:02.0
[    0.556657] SCSI subsystem initialized
[    0.557573] ACPI: bus type USB registered
[    0.558432] usbcore: registered new interface driver usbfs
[    0.559768] usbcore: registered new interface driver hub
[    0.560900] usbcore: registered new device driver usb
[    0.574593] PCI: Using ACPI for IRQ routing
[    0.599410] NetLabel: Initializing
[    0.600351] NetLabel:  domain hash size = 128
[    0.601702] NetLabel:  protocols = UNLABELED CIPSOv4
[    0.602861] NetLabel:  unlabeled traffic allowed by default
[    0.604068] amd_nb: Cannot enumerate AMD northbridges
[    0.605479] clocksource: Switched to clocksource kvm-clock
[    0.612824] AppArmor: AppArmor Filesystem Enabled
[    0.614475] pnp: PnP ACPI init
[    0.616418] pnp: PnP ACPI: found 3 devices
[    0.625562] clocksource: acpi_pm: mask: 0xffffff max_cycles: 0xffffff, max_idle_ns: 2085701024 ns
[    0.628209] NET: Registered protocol family 2
[    0.629598] TCP established hash table entries: 8192 (order: 4, 65536 bytes)
[    0.630948] TCP bind hash table entries: 8192 (order: 5, 131072 bytes)
[    0.632196] TCP: Hash tables configured (established 8192 bind 8192)
[    0.633404] UDP hash table entries: 512 (order: 2, 16384 bytes)
[    0.634571] UDP-Lite hash table entries: 512 (order: 2, 16384 bytes)
[    0.636008] NET: Registered protocol family 1
[    0.637052] pci 0000:00:00.0: Limiting direct PCI/PCI transfers
[    0.639061] pci 0000:00:01.0: Activating ISA DMA hang workarounds
[    0.640804] Unpacking initramfs...
[    0.838996] Freeing initrd memory: 15444K
[    0.840347] clocksource: tsc: mask: 0xffffffffffffffff max_cycles: 0x2135f5e6f15, max_idle_ns: 440795231538 ns
[    0.843008] platform rtc_cmos: registered platform RTC device (no PNP device found)
[    0.844495] Scanning for low memory corruption every 60 seconds
[    0.846378] audit: initializing netlink subsys (disabled)
[    0.847614] audit: type=2000 audit(1640037261.231:1): initialized
[    0.848908] Initialise system trusted keyring
[    0.849915] HugeTLB registered 2 MB page size, pre-allocated 0 pages
[    0.852655] zbud: loaded
[    0.853930] VFS: Disk quotas dquot_6.6.0
[    0.855393] VFS: Dquot-cache hash table entries: 512 (order 0, 4096 bytes)
[    0.856821] squashfs: version 4.0 (2009/01/31) Phillip Lougher
[    0.858147] fuse init (API version 7.23)
[    0.859354] Key type big_key registered
[    0.860124] Allocating IMA MOK and blacklist keyrings.
[    0.862838] Key type asymmetric registered
[    0.864212] Asymmetric key parser 'x509' registered
[    0.865836] Block layer SCSI generic (bsg) driver version 0.4 loaded (major 249)
[    0.867769] io scheduler noop registered
[    0.868534] io scheduler deadline registered (default)
[    0.869559] io scheduler cfq registered
[    0.870378] pci_hotplug: PCI Hot Plug PCI Core version: 0.5
[    0.871400] pciehp: PCI Express Hot Plug Controller Driver version: 0.4
[    0.873001] ACPI: AC Adapter [AC] (on-line)
[    0.874782] input: Power Button as /devices/LNXSYSTM:00/LNXPWRBN:00/input/input0
[    0.876360] ACPI: Power Button [PWRF]
[    0.877300] input: Sleep Button as /devices/LNXSYSTM:00/LNXSLPBN:00/input/input1
[    0.878825] ACPI: Sleep Button [SLPF]
[    0.879723] GHES: HEST is not enabled!
[    0.880714] ACPI: Battery Slot [BAT0] (battery present)
[    0.881804] Serial: 8250/16550 driver, 32 ports, IRQ sharing enabled
[    0.903614] 00:02: ttyS0 at I/O 0x3f8 (irq = 4, base_baud = 115200) is a 16550A
[    0.908959] Linux agpgart interface v0.103
[    0.912564] loop: module loaded
[    0.913785] scsi host0: ata_piix
[    0.914806] scsi host1: ata_piix
[    0.915599] ata1: PATA max UDMA/33 cmd 0x1f0 ctl 0x3f6 bmdma 0xd000 irq 14
[    0.917148] ata2: PATA max UDMA/33 cmd 0x170 ctl 0x376 bmdma 0xd008 irq 15
[    0.918918] libphy: Fixed MDIO Bus: probed
[    0.919780] tun: Universal TUN/TAP device driver, 1.6
[    0.920754] tun: (C) 1999-2004 Max Krasnyansky <maxk@qualcomm.com>
[    0.921967] PPP generic driver version 2.4.2
[    0.922865] ehci_hcd: USB 2.0 'Enhanced' Host Controller (EHCI) Driver
[    0.924056] ehci-pci: EHCI PCI platform driver
[    0.924928] ehci-platform: EHCI generic platform driver
[    0.926098] ohci_hcd: USB 1.1 'Open' Host Controller (OHCI) Driver
[    0.927226] ohci-pci: OHCI PCI platform driver
[    0.928093] ohci-platform: OHCI generic platform driver
[    0.929119] uhci_hcd: USB Universal Host Controller Interface driver
[    0.930757] i8042: PNP: PS/2 Controller [PNP0303:PS2K,PNP0f03:PS2M] at 0x60,0x64 irq 1,12
[    0.932676] serio: i8042 KBD port at 0x60,0x64 irq 1
[    0.934001] serio: i8042 AUX port at 0x60,0x64 irq 12
[    0.936148] mousedev: PS/2 mouse device common for all mice
[    0.937473] input: AT Translated Set 2 keyboard as /devices/platform/i8042/serio0/input/input2
[    0.939574] rtc_cmos rtc_cmos: rtc core: registered rtc_cmos as rtc0
[    0.940758] rtc_cmos rtc_cmos: alarms up to one day, 114 bytes nvram
[    0.941943] i2c /dev entries driver
[    0.942695] device-mapper: uevent: version 1.0.3
[    0.944526] device-mapper: ioctl: 4.34.0-ioctl (2015-10-28) initialised: dm-devel@redhat.com
[    0.946569] ledtrig-cpu: registered to indicate activity on CPUs
[    0.948035] NET: Registered protocol family 10
[    0.949004] NET: Registered protocol family 17
[    0.949945] Key type dns_resolver registered
[    0.951213] registered taskstats version 1
[    0.952284] Loading compiled-in X.509 certificates
[    0.953894] Loaded X.509 cert 'Build time autogenerated kernel key: cf00e047681d67edb2720680708b7d9498083038'
[    0.955763] zswap: loaded using pool lzo/zbud
[    0.958555] Key type trusted registered
[    0.962838] Key type encrypted registered
[    0.963771] AppArmor: AppArmor sha1 policy hashing enabled
[    0.966110] ima: No TPM chip found, activating TPM-bypass!
[    0.967325] ima: Allocated hash algorithm: sha1
[    0.968733] evm: HMAC attrs: 0x1
[    0.970185]   Magic number: 1:660:955
[    0.971632] rtc_cmos rtc_cmos: setting system clock to 2021-12-20 21:54:16 UTC (1640037256)
[    0.974332] BIOS EDD facility v0.16 2004-Jun-25, 0 devices found
[    0.975624] EDD information not available.
[    1.098809] Freeing unused kernel memory: 1492K
[    1.099967] Write protecting the kernel read-only data: 14336k
[    1.101683] Freeing unused kernel memory: 1584K
[    1.103184] Freeing unused kernel memory: 52K
Loading, please wait...
starting version 229
[    1.114324] random: systemd-udevd: uninitialized urandom read (16 bytes read, 3 bits of entropy available)
[    1.114712] random: udevadm: uninitialized urandom read (16 bytes read, 3 bits of entropy available)
[    1.114728] random: udevadm: uninitialized urandom read (16 bytes read, 3 bits of entropy available)
[    1.124523] random: systemd-udevd: uninitialized urandom read (16 bytes read, 3 bits of entropy available)
[    1.125031] random: udevadm: uninitialized urandom read (16 bytes read, 3 bits of entropy available)
[    1.125062] random: udevadm: uninitialized urandom read (16 bytes read, 3 bits of entropy available)
[    1.125182] random: udevadm: uninitialized urandom read (16 bytes read, 3 bits of entropy available)
[    1.125218] random: udevadm: uninitialized urandom read (16 bytes read, 3 bits of entropy available)
[    1.125252] random: udevadm: uninitialized urandom read (16 bytes read, 3 bits of entropy available)
[    1.125288] random: udevadm: uninitialized urandom read (16 bytes read, 3 bits of entropy available)
[    1.164534] e1000: Intel(R) PRO/1000 Network Driver - version 7.3.21-k8-NAPI
[    1.166610] e1000: Copyright (c) 1999-2006 Intel Corporation.
[    1.171329] Fusion MPT base driver 3.04.20
[    1.172282] Copyright (c) 1999-2008 LSI Corporation
[    1.182314] Fusion MPT SPI Host driver 3.04.20
[    1.189966] AVX2 version of gcm_enc/dec engaged.
[    1.191252] AES CTR mode by8 optimization enabled
[    1.383253] input: ImExPS/2 Generic Explorer Mouse as /devices/platform/i8042/serio1/input/input4
[    1.564499] e1000 0000:00:03.0 eth0: (PCI:33MHz:32-bit) 02:a6:4f:fa:c8:d6
[    1.565974] e1000 0000:00:03.0 eth0: Intel(R) PRO/1000 Network Connection
[    1.568678] mptbase: ioc0: Initiating bringup
[    2.178390] ioc0: LSI53C1030 A0: Capabilities={Initiator}
[    4.288794] scsi host2: ioc0: LSI53C1030 A0, FwRev=00000000h, Ports=1, MaxQ=256, IRQ=20
[    5.350044] scsi 2:0:0:0: Direct-Access     VBOX     HARDDISK         1.0  PQ: 0 ANSI: 5
[    5.352470] scsi target2:0:0: Beginning Domain Validation
[    5.355736] scsi target2:0:0: Domain Validation skipping write tests
[    5.357366] scsi target2:0:0: Ending Domain Validation
[    5.358811] scsi target2:0:0: asynchronous
[    5.360667] scsi 2:0:1:0: Direct-Access     VBOX     HARDDISK         1.0  PQ: 0 ANSI: 5
[    5.363012] scsi target2:0:1: Beginning Domain Validation
[    5.365274] scsi target2:0:1: Domain Validation skipping write tests
[    5.366903] scsi target2:0:1: Ending Domain Validation
[    5.368435] scsi target2:0:1: asynchronous
[    5.382887] sd 2:0:0:0: Attached scsi generic sg0 type 0
[    5.384628] sd 2:0:0:0: [sda] 20971520 512-byte logical blocks: (10.7 GB/10.0 GiB)
[    5.387126] sd 2:0:1:0: Attached scsi generic sg1 type 0
[    5.388906] sd 2:0:1:0: [sdb] 20480 512-byte logical blocks: (10.5 MB/10.0 MiB)
[    5.391436] sd 2:0:1:0: [sdb] Write Protect is off
[    5.392787] sd 2:0:1:0: [sdb] Incomplete mode parameter data
[    5.394144] sd 2:0:1:0: [sdb] Assuming drive cache: write through
[    5.399349] sd 2:0:0:0: [sda] Write Protect is off
[    5.402001] sd 2:0:1:0: [sdb] Attached SCSI disk
[    5.405587] sd 2:0:0:0: [sda] Incomplete mode parameter data
[    5.407011] sd 2:0:0:0: [sda] Assuming drive cache: write through
[    5.412595]  sda: sda1
[    5.414664] sd 2:0:0:0: [sda] Attached SCSI disk
[    5.850207] e1000 0000:00:08.0 eth1: (PCI:33MHz:32-bit) 08:00:27:b0:82:51
[    5.851935] e1000 0000:00:08.0 eth1: Intel(R) PRO/1000 Network Connection
[    5.854796] e1000 0000:00:03.0 enp0s3: renamed from eth0
[    5.866599] e1000 0000:00:08.0 enp0s8: renamed from eth1
Begin: Loading essential drivers ... [    7.143388] md: linear personality registered for level -1
[    7.147031] md: multipath personality registered for level -4
[    7.150488] md: raid0 personality registered for level 0
[    7.155137] md: raid1 personality registered for level 1
[    7.226081] raid6: sse2x1   gen() 11631 MB/s
[    7.293719] raid6: sse2x1   xor()  7857 MB/s
[    7.362203] raid6: sse2x2   gen() 13058 MB/s
[    7.429637] raid6: sse2x2   xor() 10413 MB/s
[    7.497846] raid6: sse2x4   gen() 15820 MB/s
[    7.575829] raid6: sse2x4   xor() 10510 MB/s
[    7.641613] raid6: avx2x1   gen() 21260 MB/s
[    7.709536] raid6: avx2x2   gen() 25458 MB/s
[    7.777979] raid6: avx2x4   gen() 31063 MB/s
[    7.779052] raid6: using algorithm avx2x4 gen() 31063 MB/s
[    7.780669] raid6: using avx2x2 recovery algorithm
[    7.783029] xor: automatically using best checksumming function:
[    7.822061]    avx       : 29215.000 MB/sec
[    7.823871] async_tx: api initialized (async)
[    7.833424] md: raid6 personality registered for level 6
[    7.834975] md: raid5 personality registered for level 5
[    7.836015] md: raid4 personality registered for level 4
[    7.842291] md: raid10 personality registered for level 10
done.
Begin: Running /scripts/init-premount ... done.
Begin: Mounting root file system ... Begin: Running /scripts/local-top ... done.
Begin: Running /scripts/local-premount ... [    7.868525] Btrfs loaded
Scanning for Btrfs filesystems
done.
Warning: fsck not present, so skipping root file system
[    7.894291] EXT4-fs (sda1): INFO: recovery required on readonly filesystem
[    7.896060] EXT4-fs (sda1): write access will be enabled during recovery
[    8.119168] EXT4-fs (sda1): orphan cleanup on readonly fs
[    8.123697] EXT4-fs (sda1): 6 orphan inodes deleted
[    8.127877] EXT4-fs (sda1): recovery complete
[    8.131627] EXT4-fs (sda1): mounted filesystem with ordered data mode. Opts: (null)
done.
Begin: Running /scripts/local-bottom ... done.
Begin: Running /scripts/init-bottom ... done.
[    8.257317] systemd[1]: systemd 229 running in system mode. (+PAM +AUDIT +SELINUX +IMA +APPARMOR +SMACK +SYSVINIT +UTMP +LIBCRYPTSETUP +GCRYPT +GNUTLS +ACL +XZ -LZ4 +SECCOMP +BLKID +ELFUTILS +KMOD -IDN)
[    8.260744] systemd[1]: Detected virtualization oracle.
[    8.261800] systemd[1]: Detected architecture x86-64.

Welcome to [1mUbuntu 16.04.6 LTS[0m!

[    8.267045] systemd[1]: Set hostname to <ubuntu-xenial>.
[    8.810636] random: nonblocking pool is initialized
[    8.939157] systemd[1]: Listening on LVM2 poll daemon socket.
[[0;32m  OK  [0m] Listening on LVM2 poll daemon socket.
[    8.941681] systemd[1]: Set up automount Arbitrary Executable File Formats File System Automount Point.
[[0;32m  OK  [0m] Set up automount Arbitrary Executab...ats File System Automount Point.
[    8.944982] systemd[1]: Listening on LVM2 metadata daemon socket.
[[0;32m  OK  [0m] Listening on LVM2 metadata daemon socket.
[    9.019596] systemd[1]: Created slice System Slice.
[[0;32m  OK  [0m] Created slice System Slice.
[    9.022212] systemd[1]: Reached target User and Group Name Lookups.
[[0;32m  OK  [0m] Reached target User and Group Name Lookups.
[    9.024533] systemd[1]: Reached target System Time Synchronized.
[[0;32m  OK  [0m] Reached target System Time Synchronized.
[    9.027295] systemd[1]: Listening on /dev/initctl Compatibility Named Pipe.
[[0;32m  OK  [0m] Listening on /dev/initctl Compatibility Named Pipe.
[    9.030181] systemd[1]: Listening on Journal Audit Socket.
[[0;32m  OK  [0m] Listening on Journal Audit Socket.
[    9.032322] systemd[1]: Started Forward Password Requests to Wall Directory Watch.
[[0;32m  OK  [0m] Started Forward Password Requests to Wall Directory Watch.
[    9.035335] systemd[1]: Listening on Syslog Socket.
[[0;32m  OK  [0m] Listening on Syslog Socket.
[    9.037609] systemd[1]: Created slice User and Session Slice.
[[0;32m  OK  [0m] Created slice User and Session Slice.
[    9.040002] systemd[1]: Reached target Swap.
[[0;32m  OK  [0m] Reached target Swap.
[    9.042560] systemd[1]: Created slice system-serial\x2dgetty.slice.
[[0;32m  OK  [0m] Created slice system-serial\x2dgetty.slice.
[    9.045797] systemd[1]: Listening on udev Kernel Socket.
[[0;32m  OK  [0m] Listening on udev Kernel Socket.
[    9.047936] systemd[1]: Reached target Encrypted Volumes.
[[0;32m  OK  [0m] Reached target Encrypted Volumes.
[    9.050128] systemd[1]: Listening on Device-mapper event daemon FIFOs.
[[0;32m  OK  [0m] Listening on Device-mapper event daemon FIFOs.
[    9.053014] systemd[1]: Listening on Journal Socket (/dev/log).
[[0;32m  OK  [0m] Listening on Journal Socket (/dev/log).
[    9.055462] systemd[1]: Started Trigger resolvconf update for networkd DNS.
[[0;32m  OK  [0m] Started Trigger resolvconf update for networkd DNS.
[    9.058497] systemd[1]: Reached target Slices.
[[0;32m  OK  [0m] Reached target Slices.
[    9.060507] systemd[1]: Listening on Journal Socket.
[[0;32m  OK  [0m] Listening on Journal Socket.
[    9.074100] systemd[1]: Starting Remount Root and Kernel File Systems...
         Starting Remount Root and Kernel File Systems...
[    9.077340] systemd[1]: Mounting POSIX Message Queue File System...
         Mounting POSIX Message Queue File System...
[    9.086387] systemd[1]: Starting Uncomplicated firewall...
         Starting Uncomplicated firewall...
[    9.090104] systemd[1]: Starting Monitoring of LVM2 mirrors, snapshots etc. using dmeventd or progress polling...
[    9.093060] EXT4-fs (sda1): re-mounted. Opts: (null)
         Starting Monitoring of LVM2 mirrors... dmeventd or progress polling...
[    9.097721] systemd[1]: Starting Create list of required static device nodes for the current kernel...
         Starting Create list of required st... nodes for the current kernel...
[    9.103003] systemd[1]: Starting Set console keymap...
         Starting Set console keymap...
[    9.106727] systemd[1]: Mounting Debug File System...
         Mounting Debug File System...
[    9.109741] systemd[1]: Starting Journal Service...
         Starting Journal Service...
[    9.115439] systemd[1]: Starting Load Kernel Modules...
         Starting Load Kernel Modules...
[    9.118670] systemd[1]: Mounting Huge Pages File System...
         Mounting Huge Pages File System...
[    9.121628] systemd[1]: Starting Nameserver information manager...
         Starting Nameserver information manager...
[    9.125603] systemd[1]: Listening on udev Control Socket.
[[0;32m  OK  [0m] Listening on udev Control Socket.
[    9.139353] Loading iSCSI transport class v2.0-870.
[    9.150022] iscsi: registered transport (tcp)
[    9.166291] systemd[1]: Mounted Debug File System.
[[0;32m  OK  [0m] Mounted Debug File System.
[    9.168353] systemd[1]: Mounted Huge Pages File System.
[[0;32m  OK  [0m] Mounted Huge Pages File System.
[    9.171574] systemd[1]: Mounted POSIX Message Queue File System.
[[0;32m  OK  [0m] Mounted POSIX Message Queue File System.
[    9.174681] systemd[1]: Started Remount Root and Kernel File Systems.
[[0;32m  OK  [0m] Started Remount Root and Kernel File Systems.
[    9.179621] systemd[1]: Started Uncomplicated firewall.
[[0;32m  OK  [0m] Started Uncomplicated firewall.
[    9.182618] systemd[1]: Started Create list of required static device nodes for the current kernel.
[[0;32m  OK  [0m] Started Create list of required sta...ce nodes for the current kernel.
[    9.187134] systemd[1]: Started Set console keymap.
[[0;32m  OK  [0m] Started Set console keymap.
[    9.191292] iscsi: registered transport (iser)
[    9.194117] systemd[1]: Started Journal Service.
[[0;32m  OK  [0m] Started Journal Service.
[[0;32m  OK  [0m] Started Load Kernel Modules.
[[0;32m  OK  [0m] Started Nameserver information manager.
[[0;32m  OK  [0m] Started LVM2 metadata daemon.
         Starting Apply Kernel Variables...
         Mounting FUSE Control File System...
         Starting Create Static Device Nodes in /dev...
         Starting Load/Save Random Seed...
         Starting Flush Journal to Persistent Storage...
         Starting udev Coldplug all Devices...
[[0;32m  OK  [0m] Mounted FUSE Control File System.
[[0;32m  OK  [0m] Started Apply Kernel Variables.
[[0;32m  OK  [0m] Started Flush Journal to Persistent Storage.
[[0;32m  OK  [0m] Started Load/Save Random Seed.
[[0;32m  OK  [0m] Started Create Static Device Nodes in /dev.
         Starting udev Kernel Device Manager...
[[0;32m  OK  [0m] Started udev Coldplug all Devices.
[[0;32m  OK  [0m] Started udev Kernel Device Manager.
[[0;32m  OK  [0m] Started Dispatch Password Requests to Console Directory Watch.
[[0;32m  OK  [0m] Found device /dev/ttyS0.
[[0;32m  OK  [0m] Listening on Load/Save RF Kill Switch Status /dev/rfkill Watch.
[[0;32m  OK  [0m] Started Monitoring of LVM2 mirrors,...ng dmeventd or progress polling.
[[0;32m  OK  [0m] Reached target Local File Systems (Pre).
         Mounting /var/www/html...
[[0;32m  OK  [0m] Reached target Local File Systems.
         Starting Set console font and keymap...
         Starting Tell Plymouth To Write Out Runtime Data...
         Starting LSB: AppArmor initialization...
         Starting Create Volatile Files and Directories...
         Starting Initial cloud-init job (pre-networking)...
         Mounting /vagrant...
[[0;1;31mFAILED[0m] Failed to mount /var/www/html.
See 'systemctl status var-www-html.mount' for details.
[[0;32m  OK  [0m] Started Tell Plymouth To Write Out Runtime Data.
[[0;32m  OK  [0m] Started Create Volatile Files and Directories.
[[0;1;31mFAILED[0m] Failed to mount /vagrant.
See 'systemctl status vagrant.mount' for details.
         Starting Update UTMP about System Boot/Shutdown...
[[0;32m  OK  [0m] Found device 82540EM Gigabit Ethern...r (PRO/1000 MT Desktop Adapter).
[[0;32m  OK  [0m] Found device 82540EM Gigabit Ethern...r (PRO/1000 MT Desktop Adapter).
[[0;32m  OK  [0m] Started Update UTMP about System Boot/Shutdown.
[[0;32m  OK  [0m] Started Set console font and keymap.
[[0;32m  OK  [0m] Created slice system-getty.slice.
[[0;32m  OK  [0m] Started LSB: AppArmor initialization.
         Starting Load AppArmor profiles managed internally by snapd...
[[0;32m  OK  [0m] Started Load AppArmor profiles managed internally by snapd.
[   10.722248] cloud-init[674]: Cloud-init v. 19.2-36-g059d049c-0ubuntu2~16.04.1 running 'init-local' at Mon, 20 Dec 2021 21:54:26 +0000. Up 10.51 seconds.
[[0;32m  OK  [0m] Started Initial cloud-init job (pre-networking).
[[0;32m  OK  [0m] Reached target Network (Pre).
         Starting Raise network interfaces...
[[0;32m  OK  [0m] Started ifup for enp0s8.
[[0;32m  OK  [0m] Started ifup for enp0s3.
[[0;32m  OK  [0m] Started Raise network interfaces.
[[0;32m  OK  [0m] Reached target Network.
         Starting Initial cloud-init job (metadata service crawler)...
[   11.350575] cloud-init[1086]: Cloud-init v. 19.2-36-g059d049c-0ubuntu2~16.04.1 running 'init' at Mon, 20 Dec 2021 21:54:26 +0000. Up 11.13 seconds.
[   11.354145] cloud-init[1086]: ci-info: ++++++++++++++++++++++++++++++++++++++Net device info+++++++++++++++++++++++++++++++++++++++
[   11.356484] cloud-init[1086]: ci-info: +--------+------+-----------------------------+---------------+--------+-------------------+
[   11.358834] cloud-init[1086]: ci-info: | Device |  Up  |           Address           |      Mask     | Scope  |     Hw-Address    |
[   11.361475] cloud-init[1086]: ci-info: +--------+------+-----------------------------+---------------+--------+-------------------+
[   11.363826] cloud-init[1086]: ci-info: | enp0s3 | True |          10.0.2.15          | 255.255.255.0 | global | 02:a6:4f:fa:c8:d6 |
[   11.366160] cloud-init[1086]: ci-info: | enp0s3 | True |  fe80::a6:4fff:fefa:c8d6/64 |       .       |  link  | 02:a6:4f:fa:c8:d6 |
[   11.368651] cloud-init[1086]: ci-info: | enp0s8 | True |        192.168.33.10        | 255.255.255.0 | global | 08:00:27:b0:82:51 |
[   11.370952] cloud-init[1086]: ci-info: | enp0s8 | True | fe80::a00:27ff:feb0:8251/64 |       .       |  link  | 08:00:27:b0:82:51 |
[   11.373617] cloud-init[1086]: ci-info: |   lo   | True |          127.0.0.1          |   255.0.0.0   |  host  |         .         |
[   11.376259] cloud-init[1086]: ci-info: |   lo   | True |           ::1/128           |       .       |  host  |         .         |
[   11.378636] cloud-init[1086]: ci-info: +--------+------+-----------------------------+---------------+--------+-------------------+
[   11.381084] cloud-init[1086]: ci-info: ++++++++++++++++++++++++++++Route IPv4 info++++++++++++++++++++++++++++
[   11.383113] cloud-init[1086]: ci-info: +-------+--------------+----------+---------------+-----------+-------+
[   11.385412] cloud-init[1086]: ci-info: | Route | Destination  | Gateway  |    Genmask    | Interface | Flags |
[   11.387444] cloud-init[1086]: ci-info: +-------+--------------+----------+---------------+-----------+-------+
[   11.389521] cloud-init[1086]: ci-info: |   0   |   0.0.0.0    | 10.0.2.2 |    0.0.0.0    |   enp0s3  |   UG  |
[   11.391472] cloud-init[1086]: ci-info: |   1   |   10.0.2.0   | 0.0.0.0  | 255.255.255.0 |   enp0s3  |   U   |
[   11.394515] cloud-init[1086]: ci-info: |   2   | 192.168.33.0 | 0.0.0.0  | 255.255.255.0 |   enp0s8  |   U   |
[   11.404880] cloud-init[1086]: ci-info: +-------+--------------+----------+---------------+-----------+-------+
[   11.406112] cloud-init[1086]: ci-info: +++++++++++++++++++Route IPv6 info+++++++++++++++++++
[   11.407466] cloud-init[1086]: ci-info: +-------+-------------+---------+-----------+-------+
[   11.409058] cloud-init[1086]: ci-info: | Route | Destination | Gateway | Interface | Flags |
[   11.410283] cloud-init[1086]: ci-info: +-------+-------------+---------+-----------+-------+
[   11.411541] cloud-init[1086]: ci-info: |   0   |  fe80::/64  |    ::   |   enp0s8  |   U   |
[   11.413044] cloud-init[1086]: ci-info: |   1   |  fe80::/64  |    ::   |   enp0s3  |   U   |
[   11.414307] cloud-init[1086]: ci-info: |   4   |   ff00::/8  |    ::   |   enp0s8  |   U   |
[   11.415862] cloud-init[1086]: ci-info: |   5   |   ff00::/8  |    ::   |   enp0s3  |   U   |
[   11.428322] cloud-init[1086]: ci-info: +-------+-------------+---------+-----------+-------+
[[0;32m  OK  [0m] Started Initial cloud-init job (metadata service crawler).
[[0;32m  OK  [0m] Reached target Cloud-config availability.
[[0;32m  OK  [0m] Reached target Network is Online.
         Starting iSCSI initiator daemon (iscsid)...
[[0;32m  OK  [0m] Reached target System Initialization.
[[0;32m  OK  [0m] Listening on UUID daemon activation socket.
         Starting LXD - unix socket.
[[0;32m  OK  [0m] Started ACPI Events Check.
[[0;32m  OK  [0m] Reached target Paths.
[[0;32m  OK  [0m] Started Daily apt download activities.
[[0;32m  OK  [0m] Listening on D-Bus System Message Bus Socket.
[[0;32m  OK  [0m] Listening on ACPID Listen Socket.
[[0;32m  OK  [0m] Started Message of the Day.
[[0;32m  OK  [0m] Started Daily apt upgrade and clean activities.
[[0;32m  OK  [0m] Started Clean PHP session files every 30 mins.
         Starting Socket activation for snappy daemon.
[[0;32m  OK  [0m] Started Daily Cleanup of Temporary Directories.
[[0;32m  OK  [0m] Reached target Timers.
[[0;32m  OK  [0m] Listening on LXD - unix socket.
[[0;32m  OK  [0m] Listening on Socket activation for snappy daemon.
[[0;32m  OK  [0m] Reached target Sockets.
[[0;32m  OK  [0m] Reached target Basic System.
[[0;32m  OK  [0m] Started Deferred execution scheduler.
[[0;32m  OK  [0m] Started FUSE filesystem for LXC.
         Starting LSB: MD monitoring daemon...
         Starting LXD - container startup/shutdown...
         Starting System Logging Service...
         Starting Login Service...
         Starting Virtualbox guest utils...
[[0;32m  OK  [0m] Started D-Bus System Message Bus.
         Starting /etc/rc.local Compatibility...
[[0;32m  OK  [0m] Started ACPI event daemon.
         Starting Accounts Service...
[[0;32m  OK  [0m] Started Regular background program processing daemon.
         Starting Snap Daemon...
         Starting LSB: Record successful boot for GRUB...
         Starting MySQL Community Server...
         Starting Clean php session files...
         Starting OpenBSD Secure Shell server...
[[0;32m  OK  [0m] Started System Logging Service.
[[0;32m  OK  [0m] Started iSCSI initiator daemon (iscsid).
[[0;32m  OK  [0m] Started /etc/rc.local Compatibility.
         Starting Login to default iSCSI targets...
[[0;32m  OK  [0m] Started Login Service.
[[0;32m  OK  [0m] Started Unattended Upgrades Shutdown.
[[0;32m  OK  [0m] Started Login to default iSCSI targets.
[[0;32m  OK  [0m] Reached target Remote File Systems (Pre).
[[0;32m  OK  [0m] Reached target Remote File Systems.
         Starting LSB: daemon to balance interrupts for SMP systems...
         Starting LSB: Apache2 web server...
         Starting LSB: automatic crash report generation...
         Starting Permit User Sessions...
         Starting LSB: Set the CPU Frequency Scaling governor to "ondemand"...
[[0;32m  OK  [0m] Started Permit User Sessions.
         Starting Hold until boot process finishes up...
         Starting Terminate Plymouth Boot Screen...
[[0;32m  OK  [0m] Started Hold until boot process finishes up.
[[0;32m  OK  [0m] Started Serial Getty on ttyS0.
         Starting Set console scheme...
[[0;32m  OK  [0m] Started Getty on tty1.
[[0;32m  OK  [0m] Reached target Login Prompts.
[[0;32m  OK  [0m] Started Set console scheme.
[[0;32m  OK  [0m] Started LSB: MD monitoring daemon.
[[0;32m  OK  [0m] Started Terminate Plymouth Boot Screen.
[[0;32m  OK  [0m] Started LXD - container startup/shutdown.
[[0;32m  OK  [0m] Started LSB: automatic crash report generation.
[[0;32m  OK  [0m] Started LSB: Set the CPU Frequency Scaling governor to "ondemand".
[[0;32m  OK  [0m] Started LSB: Record successful boot for GRUB.
[[0;32m  OK  [0m] Started LSB: daemon to balance interrupts for SMP systems.
[[0;32m  OK  [0m] Started OpenBSD Secure Shell server.
         Starting Authenticate and Authorize Users to Run Privileged Tasks...
[[0;32m  OK  [0m] Started Authenticate and Authorize Users to Run Privileged Tasks.
[[0;32m  OK  [0m] Started Accounts Service.
[[0;32m  OK  [0m] Started Virtualbox guest utils.
[[0;32m  OK  [0m] Created slice User Slice of vagrant.
         Starting User Manager for UID 1000...
[[0;32m  OK  [0m] Started Session 1 of user vagrant.
[[0;32m  OK  [0m] Started User Manager for UID 1000.
[[0;32m  OK  [0m] Started Snap Daemon.
         Starting Wait until snapd is fully seeded...
[[0;32m  OK  [0m] Started Wait until snapd is fully seeded.
         Starting Apply the settings specified in cloud-config...
[[0;32m  OK  [0m] Started Clean php session files.
[   12.969889] cloud-init[1437]: Cloud-init v. 19.2-36-g059d049c-0ubuntu2~16.04.1 running 'modules:config' at Mon, 20 Dec 2021 21:54:28 +0000. Up 12.89 seconds.
[[0;32m  OK  [0m] Started Apply the settings specified in cloud-config.
[[0;32m  OK  [0m] Started LSB: Apache2 web server.
[[0;32m  OK  [0m] Started MySQL Community Server.
[[0;32m  OK  [0m] Reached target Multi-User System.
         Starting Execute cloud user/final scripts...
[[0;32m  OK  [0m] Reached target Graphical Interface.
         Starting Update UTMP about System Runlevel Changes...
[[0;32m  OK  [0m] Started Update UTMP about System Runlevel Changes.
[   15.158789] cloud-init[1798]: Cloud-init v. 19.2-36-g059d049c-0ubuntu2~16.04.1 running 'modules:final' at Mon, 20 Dec 2021 21:54:30 +0000. Up 15.07 seconds.
[   15.160761] cloud-init[1798]: Cloud-init v. 19.2-36-g059d049c-0ubuntu2~16.04.1 finished at Mon, 20 Dec 2021 21:54:30 +0000. Datasource DataSourceNoCloud [seed=/dev/sdb][dsmode=net].  Up 15.15 seconds
[[0;32m  OK  [0m] Started Execute cloud user/final scripts.
[[0;32m  OK  [0m] Reached target Cloud-init target.
         Starting Daily apt download activities...
[[0;32m  OK  [0m] Started Daily apt download activities.

Ubuntu 16.04.6 LTS ubuntu-xenial ttyS0

ubuntu-xenial login: 